{"/home/ichtus/Documents/dev/breakfeastwheel/packages/adapters/src/index.ts": {"path":"/home/ichtus/Documents/dev/breakfeastwheel/packages/adapters/src/index.ts","statementMap":{"0":{"start":{"line":1,"column":0},"end":{"line":1,"column":39}},"1":{"start":{"line":2,"column":0},"end":{"line":2,"column":44}},"2":{"start":{"line":3,"column":0},"end":{"line":3,"column":46}},"3":{"start":{"line":5,"column":0},"end":{"line":5,"column":46}},"4":{"start":{"line":6,"column":0},"end":{"line":6,"column":48}},"5":{"start":{"line":7,"column":0},"end":{"line":7,"column":65}},"6":{"start":{"line":8,"column":0},"end":{"line":8,"column":63}},"7":{"start":{"line":10,"column":0},"end":{"line":10,"column":67}}},"fnMap":{},"branchMap":{},"s":{"0":0,"1":0,"2":0,"3":0,"4":0,"5":0,"6":0,"7":0},"f":{},"b":{}}
,"/home/ichtus/Documents/dev/breakfeastwheel/packages/adapters/src/controllers/AddPartController.ts": {"path":"/home/ichtus/Documents/dev/breakfeastwheel/packages/adapters/src/controllers/AddPartController.ts","statementMap":{"0":{"start":{"line":5,"column":0},"end":{"line":5,"column":75}},"1":{"start":{"line":7,"column":0},"end":{"line":7,"column":42}},"2":{"start":{"line":9,"column":0},"end":{"line":9,"column":69}},"3":{"start":{"line":9,"column":39},"end":{"line":9,"column":49}},"4":{"start":{"line":14,"column":4},"end":{"line":14,"column":null}},"5":{"start":{"line":11,"column":12},"end":{"line":11,"column":42}},"6":{"start":{"line":12,"column":12},"end":{"line":12,"column":39}},"7":{"start":{"line":17,"column":2},"end":{"line":21,"column":null}},"8":{"start":{"line":18,"column":4},"end":{"line":18,"column":44}},"9":{"start":{"line":19,"column":4},"end":{"line":19,"column":46}},"10":{"start":{"line":20,"column":4},"end":{"line":20,"column":20}},"11":{"start":{"line":23,"column":2},"end":{"line":27,"column":null}},"12":{"start":{"line":24,"column":4},"end":{"line":24,"column":48}},"13":{"start":{"line":25,"column":4},"end":{"line":25,"column":48}},"14":{"start":{"line":26,"column":4},"end":{"line":26,"column":20}},"15":{"start":{"line":29,"column":2},"end":{"line":34,"column":null}},"16":{"start":{"line":30,"column":4},"end":{"line":30,"column":37}},"17":{"start":{"line":31,"column":4},"end":{"line":31,"column":36}},"18":{"start":{"line":32,"column":4},"end":{"line":32,"column":42}},"19":{"start":{"line":33,"column":4},"end":{"line":33,"column":20}},"20":{"start":{"line":36,"column":2},"end":{"line":45,"column":null}},"21":{"start":{"line":37,"column":4},"end":{"line":44,"column":6}},"22":{"start":{"line":47,"column":10},"end":{"line":56,"column":null}},"23":{"start":{"line":48,"column":4},"end":{"line":55,"column":6}},"24":{"start":{"line":57,"column":0},"end":{"line":57,"column":null}},"25":{"start":{"line":9,"column":13},"end":{"line":9,"column":30}}},"fnMap":{"0":{"name":"(anonymous_6)","decl":{"start":{"line":9,"column":0},"end":{"line":9,"column":13}},"loc":{"start":{"line":9,"column":0},"end":{"line":57,"column":null}}},"1":{"name":"AddPartController","decl":{"start":{"line":10,"column":2},"end":{"line":10,"column":null}},"loc":{"start":{"line":12,"column":39},"end":{"line":15,"column":3}}},"2":{"name":"(anonymous_8)","decl":{"start":{"line":17,"column":2},"end":{"line":17,"column":19}},"loc":{"start":{"line":17,"column":37},"end":{"line":21,"column":3}}},"3":{"name":"(anonymous_9)","decl":{"start":{"line":23,"column":2},"end":{"line":23,"column":21}},"loc":{"start":{"line":23,"column":41},"end":{"line":27,"column":3}}},"4":{"name":"(anonymous_10)","decl":{"start":{"line":29,"column":2},"end":{"line":29,"column":15}},"loc":{"start":{"line":29,"column":29},"end":{"line":34,"column":3}}},"5":{"name":"(anonymous_11)","decl":{"start":{"line":36,"column":2},"end":{"line":36,"column":8}},"loc":{"start":{"line":36,"column":2},"end":{"line":45,"column":3}}},"6":{"name":"(anonymous_12)","decl":{"start":{"line":47,"column":2},"end":{"line":47,"column":10}},"loc":{"start":{"line":47,"column":2},"end":{"line":56,"column":3}}}},"branchMap":{"0":{"loc":{"start":{"line":14,"column":4},"end":{"line":14,"column":null}},"type":"binary-expr","locations":[{"start":{"line":14,"column":4},"end":{"line":14,"column":20}},{"start":{"line":14,"column":20},"end":{"line":14,"column":null}}]},"1":{"loc":{"start":{"line":39,"column":8},"end":{"line":39,"column":41}},"type":"binary-expr","locations":[{"start":{"line":39,"column":8},"end":{"line":39,"column":35}},{"start":{"line":39,"column":39},"end":{"line":39,"column":41}}]},"2":{"loc":{"start":{"line":40,"column":8},"end":{"line":40,"column":43}},"type":"binary-expr","locations":[{"start":{"line":40,"column":8},"end":{"line":40,"column":37}},{"start":{"line":40,"column":41},"end":{"line":40,"column":43}}]},"3":{"loc":{"start":{"line":41,"column":8},"end":{"line":41,"column":37}},"type":"binary-expr","locations":[{"start":{"line":41,"column":8},"end":{"line":41,"column":31}},{"start":{"line":41,"column":35},"end":{"line":41,"column":37}}]},"4":{"loc":{"start":{"line":50,"column":8},"end":{"line":50,"column":41}},"type":"binary-expr","locations":[{"start":{"line":50,"column":8},"end":{"line":50,"column":35}},{"start":{"line":50,"column":39},"end":{"line":50,"column":41}}]},"5":{"loc":{"start":{"line":51,"column":8},"end":{"line":51,"column":43}},"type":"binary-expr","locations":[{"start":{"line":51,"column":8},"end":{"line":51,"column":37}},{"start":{"line":51,"column":41},"end":{"line":51,"column":43}}]},"6":{"loc":{"start":{"line":52,"column":8},"end":{"line":52,"column":37}},"type":"binary-expr","locations":[{"start":{"line":52,"column":8},"end":{"line":52,"column":31}},{"start":{"line":52,"column":35},"end":{"line":52,"column":37}}]}},"s":{"0":1,"1":1,"2":1,"3":1,"4":4,"5":4,"6":4,"7":1,"8":1,"9":1,"10":1,"11":1,"12":1,"13":1,"14":1,"15":1,"16":1,"17":1,"18":1,"19":1,"20":1,"21":1,"22":1,"23":3,"24":1,"25":1},"f":{"0":1,"1":4,"2":1,"3":1,"4":1,"5":1,"6":3},"b":{"0":[4,4],"1":[1,1],"2":[1,1],"3":[1,1],"4":[3,3],"5":[3,3],"6":[3,3]}}
,"/home/ichtus/Documents/dev/breakfeastwheel/packages/adapters/src/controllers/Controller.ts": {"path":"/home/ichtus/Documents/dev/breakfeastwheel/packages/adapters/src/controllers/Controller.ts","statementMap":{"0":{"start":{"line":3,"column":0},"end":{"line":3,"column":22}},"1":{"start":{"line":4,"column":32},"end":{"line":4,"column":63}},"2":{"start":{"line":6,"column":2},"end":{"line":8,"column":null}},"3":{"start":{"line":7,"column":4},"end":{"line":7,"column":51}},"4":{"start":{"line":10,"column":2},"end":{"line":12,"column":null}},"5":{"start":{"line":11,"column":4},"end":{"line":11,"column":37}},"6":{"start":{"line":13,"column":0},"end":{"line":13,"column":null}},"7":{"start":{"line":3,"column":22},"end":{"line":3,"column":32}}},"fnMap":{"0":{"name":"(anonymous_0)","decl":{"start":{"line":3,"column":0},"end":{"line":3,"column":22}},"loc":{"start":{"line":3,"column":0},"end":{"line":13,"column":null}}},"1":{"name":"Controller","decl":{"start":{"line":4,"column":2},"end":{"line":4,"column":32}},"loc":{"start":{"line":4,"column":63},"end":{"line":4,"column":67}}},"2":{"name":"(anonymous_2)","decl":{"start":{"line":6,"column":2},"end":{"line":6,"column":13}},"loc":{"start":{"line":6,"column":39},"end":{"line":8,"column":3}}},"3":{"name":"(anonymous_3)","decl":{"start":{"line":10,"column":2},"end":{"line":10,"column":6}},"loc":{"start":{"line":10,"column":2},"end":{"line":12,"column":3}}}},"branchMap":{},"s":{"0":1,"1":4,"2":1,"3":0,"4":1,"5":13,"6":1,"7":1},"f":{"0":1,"1":4,"2":0,"3":13},"b":{}}
,"/home/ichtus/Documents/dev/breakfeastwheel/packages/adapters/src/controllers/PartsController.ts": {"path":"/home/ichtus/Documents/dev/breakfeastwheel/packages/adapters/src/controllers/PartsController.ts","statementMap":{"0":{"start":{"line":3,"column":0},"end":{"line":3,"column":42}},"1":{"start":{"line":5,"column":0},"end":{"line":5,"column":65}},"2":{"start":{"line":5,"column":37},"end":{"line":5,"column":47}},"3":{"start":{"line":10,"column":4},"end":{"line":10,"column":null}},"4":{"start":{"line":7,"column":21},"end":{"line":7,"column":53}},"5":{"start":{"line":8,"column":21},"end":{"line":8,"column":46}},"6":{"start":{"line":13,"column":2},"end":{"line":15,"column":null}},"7":{"start":{"line":14,"column":4},"end":{"line":14,"column":49}},"8":{"start":{"line":16,"column":0},"end":{"line":16,"column":null}},"9":{"start":{"line":5,"column":13},"end":{"line":5,"column":28}}},"fnMap":{"0":{"name":"(anonymous_6)","decl":{"start":{"line":5,"column":0},"end":{"line":5,"column":13}},"loc":{"start":{"line":5,"column":0},"end":{"line":16,"column":null}}},"1":{"name":"PartsController","decl":{"start":{"line":6,"column":2},"end":{"line":6,"column":null}},"loc":{"start":{"line":8,"column":46},"end":{"line":11,"column":3}}},"2":{"name":"(anonymous_8)","decl":{"start":{"line":13,"column":2},"end":{"line":13,"column":12}},"loc":{"start":{"line":13,"column":2},"end":{"line":15,"column":3}}}},"branchMap":{"0":{"loc":{"start":{"line":10,"column":4},"end":{"line":10,"column":null}},"type":"binary-expr","locations":[{"start":{"line":10,"column":4},"end":{"line":10,"column":20}},{"start":{"line":10,"column":20},"end":{"line":10,"column":null}}]}},"s":{"0":0,"1":0,"2":0,"3":0,"4":0,"5":0,"6":0,"7":0,"8":0,"9":0},"f":{"0":0,"1":0,"2":0},"b":{"0":[0,0]}}
,"/home/ichtus/Documents/dev/breakfeastwheel/packages/adapters/src/controllers/factories/AddPartControllerFactory.ts": {"path":"/home/ichtus/Documents/dev/breakfeastwheel/packages/adapters/src/controllers/factories/AddPartControllerFactory.ts","statementMap":{"0":{"start":{"line":2,"column":0},"end":{"line":2,"column":57}},"1":{"start":{"line":3,"column":0},"end":{"line":3,"column":69}},"2":{"start":{"line":5,"column":0},"end":{"line":5,"column":13}},"3":{"start":{"line":6,"column":22},"end":{"line":6,"column":55}},"4":{"start":{"line":8,"column":2},"end":{"line":13,"column":null}},"5":{"start":{"line":9,"column":4},"end":{"line":12,"column":6}},"6":{"start":{"line":14,"column":0},"end":{"line":14,"column":null}},"7":{"start":{"line":5,"column":13},"end":{"line":5,"column":37}}},"fnMap":{"0":{"name":"(anonymous_0)","decl":{"start":{"line":5,"column":0},"end":{"line":5,"column":13}},"loc":{"start":{"line":5,"column":0},"end":{"line":14,"column":null}}},"1":{"name":"AddPartControllerFactory","decl":{"start":{"line":6,"column":2},"end":{"line":6,"column":22}},"loc":{"start":{"line":6,"column":55},"end":{"line":6,"column":59}}},"2":{"name":"(anonymous_2)","decl":{"start":{"line":8,"column":2},"end":{"line":8,"column":7}},"loc":{"start":{"line":8,"column":2},"end":{"line":13,"column":3}}}},"branchMap":{},"s":{"0":0,"1":0,"2":0,"3":0,"4":0,"5":0,"6":0,"7":0},"f":{"0":0,"1":0,"2":0},"b":{}}
,"/home/ichtus/Documents/dev/breakfeastwheel/packages/adapters/src/controllers/factories/PartsControllerFactory.ts": {"path":"/home/ichtus/Documents/dev/breakfeastwheel/packages/adapters/src/controllers/factories/PartsControllerFactory.ts","statementMap":{"0":{"start":{"line":2,"column":0},"end":{"line":2,"column":53}},"1":{"start":{"line":3,"column":0},"end":{"line":3,"column":65}},"2":{"start":{"line":5,"column":0},"end":{"line":5,"column":13}},"3":{"start":{"line":6,"column":22},"end":{"line":6,"column":54}},"4":{"start":{"line":8,"column":2},"end":{"line":11,"column":null}},"5":{"start":{"line":9,"column":4},"end":{"line":9,"column":42}},"6":{"start":{"line":10,"column":4},"end":{"line":10,"column":75}},"7":{"start":{"line":12,"column":0},"end":{"line":12,"column":null}},"8":{"start":{"line":5,"column":13},"end":{"line":5,"column":35}}},"fnMap":{"0":{"name":"(anonymous_0)","decl":{"start":{"line":5,"column":0},"end":{"line":5,"column":13}},"loc":{"start":{"line":5,"column":0},"end":{"line":12,"column":null}}},"1":{"name":"PartsControllerFactory","decl":{"start":{"line":6,"column":2},"end":{"line":6,"column":22}},"loc":{"start":{"line":6,"column":54},"end":{"line":6,"column":58}}},"2":{"name":"(anonymous_2)","decl":{"start":{"line":8,"column":2},"end":{"line":8,"column":7}},"loc":{"start":{"line":8,"column":2},"end":{"line":11,"column":3}}}},"branchMap":{},"s":{"0":0,"1":0,"2":0,"3":0,"4":0,"5":0,"6":0,"7":0,"8":0},"f":{"0":0,"1":0,"2":0},"b":{}}
,"/home/ichtus/Documents/dev/breakfeastwheel/packages/adapters/src/presenters/AddPartPresenter.ts": {"path":"/home/ichtus/Documents/dev/breakfeastwheel/packages/adapters/src/presenters/AddPartPresenter.ts","statementMap":{"0":{"start":{"line":1,"column":0},"end":{"line":1,"column":40}},"1":{"start":{"line":2,"column":0},"end":{"line":2,"column":null}},"2":{"start":{"line":8,"column":0},"end":{"line":8,"column":13}},"3":{"start":{"line":11,"column":2},"end":{"line":11,"column":27}},"4":{"start":{"line":14,"column":2},"end":{"line":14,"column":29}},"5":{"start":{"line":16,"column":2},"end":{"line":16,"column":23}},"6":{"start":{"line":18,"column":2},"end":{"line":18,"column":24}},"7":{"start":{"line":19,"column":0},"end":{"line":19,"column":null}},"8":{"start":{"line":8,"column":13},"end":{"line":8,"column":31}},"9":{"start":{"line":21,"column":0},"end":{"line":22,"column":39}},"10":{"start":{"line":22,"column":10},"end":{"line":22,"column":19}},"11":{"start":{"line":26,"column":4},"end":{"line":26,"column":null}},"12":{"start":{"line":29,"column":2},"end":{"line":31,"column":null}},"13":{"start":{"line":30,"column":4},"end":{"line":30,"column":20}},"14":{"start":{"line":33,"column":2},"end":{"line":52,"column":null}},"15":{"start":{"line":34,"column":4},"end":{"line":36,"column":11}},"16":{"start":{"line":38,"column":4},"end":{"line":40,"column":11}},"17":{"start":{"line":42,"column":4},"end":{"line":44,"column":11}},"18":{"start":{"line":46,"column":4},"end":{"line":49,"column":6}},"19":{"start":{"line":50,"column":4},"end":{"line":50,"column":45}},"20":{"start":{"line":51,"column":4},"end":{"line":51,"column":20}},"21":{"start":{"line":53,"column":0},"end":{"line":53,"column":null}},"22":{"start":{"line":21,"column":13},"end":{"line":21,"column":29}}},"fnMap":{"0":{"name":"(anonymous_6)","decl":{"start":{"line":8,"column":0},"end":{"line":8,"column":13}},"loc":{"start":{"line":8,"column":0},"end":{"line":19,"column":null}}},"1":{"name":"(anonymous_8)","decl":{"start":{"line":21,"column":0},"end":{"line":21,"column":13}},"loc":{"start":{"line":21,"column":0},"end":{"line":53,"column":null}}},"2":{"name":"AddPartPresenter","decl":{"start":{"line":25,"column":2},"end":{"line":25,"column":null}},"loc":{"start":{"line":25,"column":2},"end":{"line":27,"column":3}}},"3":{"name":"(anonymous_10)","decl":{"start":{"line":29,"column":2},"end":{"line":29,"column":17}},"loc":{"start":{"line":29,"column":2},"end":{"line":31,"column":3}}},"4":{"name":"(anonymous_11)","decl":{"start":{"line":33,"column":2},"end":{"line":33,"column":22}},"loc":{"start":{"line":33,"column":44},"end":{"line":52,"column":3}}}},"branchMap":{"0":{"loc":{"start":{"line":26,"column":4},"end":{"line":26,"column":null}},"type":"binary-expr","locations":[{"start":{"line":26,"column":4},"end":{"line":26,"column":35}},{"start":{"line":26,"column":35},"end":{"line":26,"column":null}}]},"1":{"loc":{"start":{"line":34,"column":29},"end":{"line":36,"column":10}},"type":"cond-expr","locations":[{"start":{"line":35,"column":8},"end":{"line":35,"column":43}},{"start":{"line":36,"column":8},"end":{"line":36,"column":10}}]},"2":{"loc":{"start":{"line":38,"column":31},"end":{"line":40,"column":10}},"type":"cond-expr","locations":[{"start":{"line":39,"column":8},"end":{"line":39,"column":45}},{"start":{"line":40,"column":8},"end":{"line":40,"column":10}}]},"3":{"loc":{"start":{"line":42,"column":25},"end":{"line":44,"column":10}},"type":"cond-expr","locations":[{"start":{"line":43,"column":8},"end":{"line":43,"column":39}},{"start":{"line":44,"column":8},"end":{"line":44,"column":10}}]}},"s":{"0":1,"1":1,"2":1,"3":4,"4":4,"5":4,"6":4,"7":1,"8":1,"9":1,"10":1,"11":4,"12":1,"13":0,"14":1,"15":4,"16":4,"17":4,"18":4,"19":4,"20":4,"21":1,"22":1},"f":{"0":5,"1":1,"2":4,"3":0,"4":4},"b":{"0":[4,4],"1":[1,3],"2":[1,3],"3":[1,3]}}
,"/home/ichtus/Documents/dev/breakfeastwheel/packages/adapters/src/presenters/PartsPresenter.ts": {"path":"/home/ichtus/Documents/dev/breakfeastwheel/packages/adapters/src/presenters/PartsPresenter.ts","statementMap":{"0":{"start":{"line":2,"column":0},"end":{"line":2,"column":40}},"1":{"start":{"line":4,"column":0},"end":{"line":4,"column":13}},"2":{"start":{"line":6,"column":0},"end":{"line":6,"column":null}},"3":{"start":{"line":4,"column":13},"end":{"line":4,"column":29}},"4":{"start":{"line":8,"column":0},"end":{"line":9,"column":37}},"5":{"start":{"line":9,"column":10},"end":{"line":9,"column":19}},"6":{"start":{"line":13,"column":4},"end":{"line":13,"column":null}},"7":{"start":{"line":16,"column":2},"end":{"line":19,"column":null}},"8":{"start":{"line":17,"column":4},"end":{"line":17,"column":24}},"9":{"start":{"line":18,"column":4},"end":{"line":18,"column":20}},"10":{"start":{"line":20,"column":0},"end":{"line":20,"column":null}},"11":{"start":{"line":8,"column":13},"end":{"line":8,"column":27}}},"fnMap":{"0":{"name":"(anonymous_6)","decl":{"start":{"line":4,"column":0},"end":{"line":4,"column":13}},"loc":{"start":{"line":4,"column":0},"end":{"line":6,"column":null}}},"1":{"name":"(anonymous_8)","decl":{"start":{"line":8,"column":0},"end":{"line":8,"column":13}},"loc":{"start":{"line":8,"column":0},"end":{"line":20,"column":null}}},"2":{"name":"PartsPresenter","decl":{"start":{"line":12,"column":2},"end":{"line":12,"column":null}},"loc":{"start":{"line":12,"column":2},"end":{"line":14,"column":3}}},"3":{"name":"(anonymous_10)","decl":{"start":{"line":16,"column":2},"end":{"line":16,"column":14}},"loc":{"start":{"line":16,"column":57},"end":{"line":19,"column":3}}}},"branchMap":{"0":{"loc":{"start":{"line":13,"column":4},"end":{"line":13,"column":null}},"type":"binary-expr","locations":[{"start":{"line":13,"column":4},"end":{"line":13,"column":33}},{"start":{"line":13,"column":33},"end":{"line":13,"column":null}}]}},"s":{"0":0,"1":0,"2":0,"3":0,"4":0,"5":0,"6":0,"7":0,"8":0,"9":0,"10":0,"11":0},"f":{"0":0,"1":0,"2":0,"3":0},"b":{"0":[0,0]}}
,"/home/ichtus/Documents/dev/breakfeastwheel/packages/adapters/src/presenters/Presenter.ts": {"path":"/home/ichtus/Documents/dev/breakfeastwheel/packages/adapters/src/presenters/Presenter.ts","statementMap":{"0":{"start":{"line":3,"column":0},"end":{"line":3,"column":22}},"1":{"start":{"line":6,"column":31},"end":{"line":6,"column":36}},"2":{"start":{"line":8,"column":2},"end":{"line":10,"column":null}},"3":{"start":{"line":9,"column":4},"end":{"line":9,"column":52}},"4":{"start":{"line":12,"column":2},"end":{"line":15,"column":null}},"5":{"start":{"line":13,"column":4},"end":{"line":13,"column":33}},"6":{"start":{"line":14,"column":4},"end":{"line":14,"column":29}},"7":{"start":{"line":16,"column":0},"end":{"line":16,"column":null}},"8":{"start":{"line":3,"column":22},"end":{"line":3,"column":31}}},"fnMap":{"0":{"name":"(anonymous_0)","decl":{"start":{"line":3,"column":0},"end":{"line":3,"column":22}},"loc":{"start":{"line":3,"column":0},"end":{"line":16,"column":null}}},"1":{"name":"Presenter","decl":{"start":{"line":6,"column":2},"end":{"line":6,"column":31}},"loc":{"start":{"line":6,"column":36},"end":{"line":6,"column":40}}},"2":{"name":"(anonymous_2)","decl":{"start":{"line":8,"column":2},"end":{"line":8,"column":10}},"loc":{"start":{"line":8,"column":2},"end":{"line":10,"column":3}}},"3":{"name":"(anonymous_3)","decl":{"start":{"line":12,"column":2},"end":{"line":12,"column":13}},"loc":{"start":{"line":12,"column":39},"end":{"line":15,"column":3}}}},"branchMap":{"0":{"loc":{"start":{"line":9,"column":4},"end":{"line":9,"column":51}},"type":"cond-expr","locations":[{"start":{"line":9,"column":19},"end":{"line":9,"column":21}},{"start":{"line":9,"column":19},"end":{"line":9,"column":51}}]},"1":{"loc":{"start":{"line":9,"column":4},"end":{"line":9,"column":21}},"type":"binary-expr","locations":[{"start":{"line":9,"column":4},"end":{"line":9,"column":21}},{"start":{"line":9,"column":19},"end":{"line":9,"column":21}}]}},"s":{"0":1,"1":4,"2":1,"3":4,"4":1,"5":0,"6":0,"7":1,"8":1},"f":{"0":1,"1":4,"2":4,"3":0},"b":{"0":[4,0],"1":[4,4]}}
,"/home/ichtus/Documents/dev/breakfeastwheel/packages/adapters/src/test/builder/AddPartUseCaseBuilder.ts": {"path":"/home/ichtus/Documents/dev/breakfeastwheel/packages/adapters/src/test/builder/AddPartUseCaseBuilder.ts","statementMap":{"0":{"start":{"line":9,"column":0},"end":{"line":9,"column":13}},"1":{"start":{"line":10,"column":10},"end":{"line":13,"column":47}},"2":{"start":{"line":13,"column":29},"end":{"line":13,"column":47}},"3":{"start":{"line":14,"column":10},"end":{"line":17,"column":62}},"4":{"start":{"line":17,"column":29},"end":{"line":17,"column":62}},"5":{"start":{"line":19,"column":2},"end":{"line":27,"column":null}},"6":{"start":{"line":25,"column":4},"end":{"line":25,"column":27}},"7":{"start":{"line":26,"column":4},"end":{"line":26,"column":16}},"8":{"start":{"line":29,"column":2},"end":{"line":37,"column":null}},"9":{"start":{"line":35,"column":4},"end":{"line":35,"column":29}},"10":{"start":{"line":36,"column":4},"end":{"line":36,"column":16}},"11":{"start":{"line":39,"column":2},"end":{"line":44,"column":null}},"12":{"start":{"line":40,"column":4},"end":{"line":43,"column":24}},"13":{"start":{"line":45,"column":0},"end":{"line":45,"column":null}},"14":{"start":{"line":9,"column":13},"end":{"line":9,"column":34}}},"fnMap":{"0":{"name":"(anonymous_0)","decl":{"start":{"line":9,"column":0},"end":{"line":9,"column":13}},"loc":{"start":{"line":9,"column":0},"end":{"line":45,"column":null}}},"1":{"name":"(anonymous_2)","decl":{"start":{"line":13,"column":23},"end":{"line":13,"column":29}},"loc":{"start":{"line":13,"column":23},"end":{"line":13,"column":36}}},"2":{"name":"(anonymous_3)","decl":{"start":{"line":17,"column":23},"end":{"line":17,"column":29}},"loc":{"start":{"line":17,"column":23},"end":{"line":17,"column":33}}},"3":{"name":"(anonymous_4)","decl":{"start":{"line":19,"column":2},"end":{"line":19,"column":13}},"loc":{"start":{"line":23,"column":22},"end":{"line":27,"column":3}}},"4":{"name":"(anonymous_5)","decl":{"start":{"line":29,"column":2},"end":{"line":29,"column":14}},"loc":{"start":{"line":33,"column":22},"end":{"line":37,"column":3}}},"5":{"name":"(anonymous_6)","decl":{"start":{"line":39,"column":2},"end":{"line":39,"column":7}},"loc":{"start":{"line":39,"column":2},"end":{"line":44,"column":3}}}},"branchMap":{},"s":{"0":1,"1":4,"2":0,"3":4,"4":0,"5":1,"6":1,"7":1,"8":1,"9":3,"10":3,"11":1,"12":4,"13":1,"14":1},"f":{"0":5,"1":0,"2":0,"3":1,"4":3,"5":4},"b":{}}
}
