TN:
SF:src/index.ts
FNF:0
FNH:0
DA:1,0
DA:2,0
DA:3,0
DA:5,0
DA:6,0
DA:7,0
DA:8,0
DA:10,0
LF:8
LH:0
BRF:0
BRH:0
end_of_record
TN:
SF:src/controllers/AddPartController.ts
FN:9,(anonymous_6)
FN:10,AddPartController
FN:17,(anonymous_8)
FN:23,(anonymous_9)
FN:29,(anonymous_10)
FN:36,(anonymous_11)
FN:47,(anonymous_12)
FNF:7
FNH:7
FNDA:1,(anonymous_6)
FNDA:4,AddPartController
FNDA:1,(anonymous_8)
FNDA:1,(anonymous_9)
FNDA:1,(anonymous_10)
FNDA:1,(anonymous_11)
FNDA:3,(anonymous_12)
DA:5,1
DA:7,1
DA:9,1
DA:11,4
DA:12,4
DA:14,4
DA:17,1
DA:18,1
DA:19,1
DA:20,1
DA:23,1
DA:24,1
DA:25,1
DA:26,1
DA:29,1
DA:30,1
DA:31,1
DA:32,1
DA:33,1
DA:36,1
DA:37,1
DA:47,1
DA:48,3
DA:57,1
LF:24
LH:24
BRDA:14,0,0,4
BRDA:14,0,1,4
BRDA:39,1,0,1
BRDA:39,1,1,1
BRDA:40,2,0,1
BRDA:40,2,1,1
BRDA:41,3,0,1
BRDA:41,3,1,1
BRDA:50,4,0,3
BRDA:50,4,1,3
BRDA:51,5,0,3
BRDA:51,5,1,3
BRDA:52,6,0,3
BRDA:52,6,1,3
BRF:14
BRH:14
end_of_record
TN:
SF:src/controllers/Controller.ts
FN:3,(anonymous_0)
FN:4,Controller
FN:6,(anonymous_2)
FN:10,(anonymous_3)
FNF:4
FNH:3
FNDA:1,(anonymous_0)
FNDA:4,Controller
FNDA:0,(anonymous_2)
FNDA:13,(anonymous_3)
DA:3,1
DA:4,4
DA:6,1
DA:7,0
DA:10,1
DA:11,13
DA:13,1
LF:7
LH:6
BRF:0
BRH:0
end_of_record
TN:
SF:src/controllers/PartsController.ts
FN:5,(anonymous_6)
FN:6,PartsController
FN:13,(anonymous_8)
FNF:3
FNH:0
FNDA:0,(anonymous_6)
FNDA:0,PartsController
FNDA:0,(anonymous_8)
DA:3,0
DA:5,0
DA:7,0
DA:8,0
DA:10,0
DA:13,0
DA:14,0
DA:16,0
LF:8
LH:0
BRDA:10,0,0,0
BRDA:10,0,1,0
BRF:2
BRH:0
end_of_record
TN:
SF:src/controllers/factories/AddPartControllerFactory.ts
FN:5,(anonymous_0)
FN:6,AddPartControllerFactory
FN:8,(anonymous_2)
FNF:3
FNH:0
FNDA:0,(anonymous_0)
FNDA:0,AddPartControllerFactory
FNDA:0,(anonymous_2)
DA:2,0
DA:3,0
DA:5,0
DA:6,0
DA:8,0
DA:9,0
DA:14,0
LF:7
LH:0
BRF:0
BRH:0
end_of_record
TN:
SF:src/controllers/factories/PartsControllerFactory.ts
FN:5,(anonymous_0)
FN:6,PartsControllerFactory
FN:8,(anonymous_2)
FNF:3
FNH:0
FNDA:0,(anonymous_0)
FNDA:0,PartsControllerFactory
FNDA:0,(anonymous_2)
DA:2,0
DA:3,0
DA:5,0
DA:6,0
DA:8,0
DA:9,0
DA:10,0
DA:12,0
LF:8
LH:0
BRF:0
BRH:0
end_of_record
TN:
SF:src/presenters/AddPartPresenter.ts
FN:8,(anonymous_6)
FN:21,(anonymous_8)
FN:25,AddPartPresenter
FN:29,(anonymous_10)
FN:33,(anonymous_11)
FNF:5
FNH:4
FNDA:5,(anonymous_6)
FNDA:1,(anonymous_8)
FNDA:4,AddPartPresenter
FNDA:0,(anonymous_10)
FNDA:4,(anonymous_11)
DA:1,1
DA:2,1
DA:8,1
DA:11,4
DA:14,4
DA:16,4
DA:18,4
DA:19,1
DA:21,1
DA:22,1
DA:26,4
DA:29,1
DA:30,0
DA:33,1
DA:34,4
DA:38,4
DA:42,4
DA:46,4
DA:50,4
DA:51,4
DA:53,1
LF:21
LH:20
BRDA:26,0,0,4
BRDA:26,0,1,4
BRDA:34,1,0,1
BRDA:34,1,1,3
BRDA:38,2,0,1
BRDA:38,2,1,3
BRDA:42,3,0,1
BRDA:42,3,1,3
BRF:8
BRH:8
end_of_record
TN:
SF:src/presenters/PartsPresenter.ts
FN:4,(anonymous_6)
FN:8,(anonymous_8)
FN:12,PartsPresenter
FN:16,(anonymous_10)
FNF:4
FNH:0
FNDA:0,(anonymous_6)
FNDA:0,(anonymous_8)
FNDA:0,PartsPresenter
FNDA:0,(anonymous_10)
DA:2,0
DA:4,0
DA:6,0
DA:8,0
DA:9,0
DA:13,0
DA:16,0
DA:17,0
DA:18,0
DA:20,0
LF:10
LH:0
BRDA:13,0,0,0
BRDA:13,0,1,0
BRF:2
BRH:0
end_of_record
TN:
SF:src/presenters/Presenter.ts
FN:3,(anonymous_0)
FN:6,Presenter
FN:8,(anonymous_2)
FN:12,(anonymous_3)
FNF:4
FNH:3
FNDA:1,(anonymous_0)
FNDA:4,Presenter
FNDA:4,(anonymous_2)
FNDA:0,(anonymous_3)
DA:3,1
DA:6,4
DA:8,1
DA:9,4
DA:12,1
DA:13,0
DA:14,0
DA:16,1
LF:8
LH:6
BRDA:9,0,0,4
BRDA:9,0,1,0
BRDA:9,1,0,4
BRDA:9,1,1,4
BRF:4
BRH:3
end_of_record
TN:
SF:src/test/builder/AddPartUseCaseBuilder.ts
FN:9,(anonymous_0)
FN:13,(anonymous_2)
FN:17,(anonymous_3)
FN:19,(anonymous_4)
FN:29,(anonymous_5)
FN:39,(anonymous_6)
FNF:6
FNH:4
FNDA:5,(anonymous_0)
FNDA:0,(anonymous_2)
FNDA:0,(anonymous_3)
FNDA:1,(anonymous_4)
FNDA:3,(anonymous_5)
FNDA:4,(anonymous_6)
DA:9,1
DA:10,4
DA:13,0
DA:14,4
DA:17,0
DA:19,1
DA:25,1
DA:26,1
DA:29,1
DA:35,3
DA:36,3
DA:39,1
DA:40,4
DA:45,1
LF:14
LH:12
BRF:0
BRH:0
end_of_record
